<?xml version="1.0" encoding="UTF-8"?>
<!-- Generated by org.testng.reporters.JUnitReportReporter -->
<testsuite hostname="F884270-W10" failures="0" tests="1" name="base.BaseClass" time="2.201" errors="0" timestamp="2023-01-16T01:49:47 IST" skipped="0">
  <testcase classname="base.BaseClass" name="verifyLogo" time="2.201"/>
  <system-out/>
</testsuite> <!-- base.BaseClass -->
