<?xml version="1.0" encoding="UTF-8"?>
<!-- Generated by org.testng.reporters.JUnitReportReporter -->
<testsuite hostname="F884270-W10" failures="0" tests="3" name="testCases.LoginPageTest" time="55.912" errors="0" timestamp="2023-06-02T21:47:40 IST" skipped="0">
  <testcase classname="testCases.LoginPageTest" name="loginPageTitleTest" time="13.867"/>
  <system-out/>
  <testcase classname="testCases.LoginPageTest" name="logoTest" time="14.569"/>
  <system-out/>
  <testcase classname="testCases.LoginPageTest" name="ableToLogin" time="27.476"/>
  <system-out/>
</testsuite> <!-- testCases.LoginPageTest -->
