<?xml version="1.0" encoding="UTF-8"?>
<!-- Generated by org.testng.reporters.JUnitReportReporter -->
<testsuite hostname="F884270-W10" failures="0" tests="5" name="testCases.HomePageTest" time="150.265" errors="0" timestamp="2023-06-02T21:47:40 IST" skipped="0">
  <testcase classname="testCases.HomePageTest" name="verfiyhomePageTitle" time="33.886"/>
  <system-out/>
  <testcase classname="testCases.HomePageTest" name="countHomePagetLinksTest" time="27.131"/>
  <system-out/>
  <testcase classname="testCases.HomePageTest" name="elementPresentTest" time="31.812"/>
  <system-out/>
  <testcase classname="testCases.HomePageTest" name="verifyUserNameLabelTest" time="26.754"/>
  <system-out/>
  <testcase classname="testCases.HomePageTest" name="verifyContactLinkTest" time="30.682"/>
  <system-out/>
</testsuite> <!-- testCases.HomePageTest -->
