<?xml version="1.0" encoding="UTF-8"?>
<!-- Generated by org.testng.reporters.JUnitReportReporter -->
<testsuite hostname="F884270-W10" failures="0" tests="1" name="testCases.DealsPageTest" time="29.113" errors="0" timestamp="2023-06-02T21:47:40 IST" skipped="0">
  <testcase classname="testCases.DealsPageTest" name="verifyDealsLabelTest" time="29.113"/>
  <system-out/>
</testsuite> <!-- testCases.DealsPageTest -->
